e:\github\qyfc\sdl2-2.0.14\cmake-out\debug\vc120.pdb
e:\github\qyfc\sdl2-2.0.14\cmake-out\debug\sdl_displayevents.obj
e:\github\qyfc\sdl2-2.0.14\cmake-out\debug\sdl_clipboardevents.obj
e:\github\qyfc\sdl2-2.0.14\cmake-out\debug\sdl_dynapi.obj
e:\github\qyfc\sdl2-2.0.14\cmake-out\debug\sdl_cpuinfo.obj
e:\github\qyfc\sdl2-2.0.14\cmake-out\debug\sdl_wave.obj
e:\github\qyfc\sdl2-2.0.14\cmake-out\debug\sdl_mixer.obj
e:\github\qyfc\sdl2-2.0.14\cmake-out\debug\sdl_audiotypecvt.obj
e:\github\qyfc\sdl2-2.0.14\cmake-out\debug\sdl_audiodev.obj
e:\github\qyfc\sdl2-2.0.14\cmake-out\debug\sdl_audiocvt.obj
e:\github\qyfc\sdl2-2.0.14\cmake-out\debug\sdl_spinlock.obj
e:\github\qyfc\sdl2-2.0.14\cmake-out\debug\sdl_atomic.obj
e:\github\qyfc\sdl2-2.0.14\cmake-out\debug\sdl_log.obj
e:\github\qyfc\sdl2-2.0.14\cmake-out\debug\sdl_hints.obj
e:\github\qyfc\sdl2-2.0.14\cmake-out\debug\sdl_error.obj
e:\github\qyfc\sdl2-2.0.14\cmake-out\debug\sdl_dataqueue.obj
e:\github\qyfc\sdl2-2.0.14\cmake-out\debug\sdl_assert.obj
e:\github\qyfc\sdl2-2.0.14\cmake-out\debug\sdl.obj
e:\github\qyfc\sdl2-2.0.14\cmake-out\debug\sdl_dummysensor.obj
e:\github\qyfc\sdl2-2.0.14\cmake-out\debug\sdl_sysjoystick.obj
e:\github\qyfc\sdl2-2.0.14\cmake-out\debug\k_rem_pio2.obj
e:\github\qyfc\sdl2-2.0.14\cmake-out\debug\k_cos.obj
e:\github\qyfc\sdl2-2.0.14\cmake-out\debug\e_sqrt.obj
e:\github\qyfc\sdl2-2.0.14\cmake-out\debug\e_rem_pio2.obj
e:\github\qyfc\sdl2-2.0.14\cmake-out\debug\e_pow.obj
e:\github\qyfc\sdl2-2.0.14\cmake-out\debug\e_log10.obj
e:\github\qyfc\sdl2-2.0.14\cmake-out\debug\e_log.obj
e:\github\qyfc\sdl2-2.0.14\cmake-out\debug\e_fmod.obj
e:\github\qyfc\sdl2-2.0.14\cmake-out\debug\e_exp.obj
e:\github\qyfc\sdl2-2.0.14\cmake-out\debug\e_atan2.obj
e:\github\qyfc\sdl2-2.0.14\cmake-out\debug\sdl_haptic.obj
e:\github\qyfc\sdl2-2.0.14\cmake-out\debug\sdl_rwops.obj
e:\github\qyfc\sdl2-2.0.14\cmake-out\debug\sdl_windowevents.obj
e:\github\qyfc\sdl2-2.0.14\cmake-out\debug\sdl_touch.obj
e:\github\qyfc\sdl2-2.0.14\cmake-out\debug\sdl_quit.obj
e:\github\qyfc\sdl2-2.0.14\cmake-out\debug\sdl_mouse.obj
e:\github\qyfc\sdl2-2.0.14\cmake-out\debug\sdl_keyboard.obj
e:\github\qyfc\sdl2-2.0.14\cmake-out\debug\sdl_gesture.obj
e:\github\qyfc\sdl2-2.0.14\cmake-out\debug\sdl_events.obj
e:\github\qyfc\sdl2-2.0.14\cmake-out\debug\sdl_dropevents.obj
e:\github\qyfc\sdl2-2.0.14\cmake-out\debug\sdl_shaders_d3d11.obj
e:\github\qyfc\sdl2-2.0.14\cmake-out\debug\sdl_render_d3d11.obj
e:\github\qyfc\sdl2-2.0.14\cmake-out\debug\sdl_shaders_d3d.obj
e:\github\qyfc\sdl2-2.0.14\cmake-out\debug\sdl_render_d3d.obj
e:\github\qyfc\sdl2-2.0.14\cmake-out\debug\sdl_yuv_sw.obj
e:\github\qyfc\sdl2-2.0.14\cmake-out\debug\sdl_render.obj
e:\github\qyfc\sdl2-2.0.14\cmake-out\debug\sdl_d3dmath.obj
e:\github\qyfc\sdl2-2.0.14\cmake-out\debug\sdl_power.obj
e:\github\qyfc\sdl2-2.0.14\cmake-out\debug\sdl_url.obj
e:\github\qyfc\sdl2-2.0.14\cmake-out\debug\sdl_locale.obj
e:\github\qyfc\sdl2-2.0.14\cmake-out\debug\s_tan.obj
e:\github\qyfc\sdl2-2.0.14\cmake-out\debug\s_sin.obj
e:\github\qyfc\sdl2-2.0.14\cmake-out\debug\s_scalbn.obj
e:\github\qyfc\sdl2-2.0.14\cmake-out\debug\s_floor.obj
e:\github\qyfc\sdl2-2.0.14\cmake-out\debug\s_fabs.obj
e:\github\qyfc\sdl2-2.0.14\cmake-out\debug\s_cos.obj
e:\github\qyfc\sdl2-2.0.14\cmake-out\debug\s_copysign.obj
e:\github\qyfc\sdl2-2.0.14\cmake-out\debug\s_atan.obj
e:\github\qyfc\sdl2-2.0.14\cmake-out\debug\k_tan.obj
e:\github\qyfc\sdl2-2.0.14\cmake-out\debug\k_sin.obj
e:\github\qyfc\sdl2-2.0.14\cmake-out\debug\sdl_stdlib.obj
e:\github\qyfc\sdl2-2.0.14\cmake-out\debug\sdl_qsort.obj
e:\github\qyfc\sdl2-2.0.14\cmake-out\debug\sdl_malloc.obj
e:\github\qyfc\sdl2-2.0.14\cmake-out\debug\sdl_iconv.obj
e:\github\qyfc\sdl2-2.0.14\cmake-out\debug\sdl_getenv.obj
e:\github\qyfc\sdl2-2.0.14\cmake-out\debug\sdl_crc32.obj
e:\github\qyfc\sdl2-2.0.14\cmake-out\debug\sdl_sensor.obj
e:\github\qyfc\sdl2-2.0.14\cmake-out\debug\sdl_rotate.obj
e:\github\qyfc\sdl2-2.0.14\cmake-out\debug\sdl_render_sw.obj
e:\github\qyfc\sdl2-2.0.14\cmake-out\debug\sdl_drawpoint.obj
e:\github\qyfc\sdl2-2.0.14\cmake-out\debug\sdl_drawline.obj
e:\github\qyfc\sdl2-2.0.14\cmake-out\debug\sdl_blendpoint.obj
e:\github\qyfc\sdl2-2.0.14\cmake-out\debug\sdl_blendline.obj
e:\github\qyfc\sdl2-2.0.14\cmake-out\debug\sdl_blendfillrect.obj
e:\github\qyfc\sdl2-2.0.14\cmake-out\debug\sdl_render_psp.obj
e:\github\qyfc\sdl2-2.0.14\cmake-out\debug\sdl_shaders_gles2.obj
e:\github\qyfc\sdl2-2.0.14\cmake-out\debug\sdl_render_gles2.obj
e:\github\qyfc\sdl2-2.0.14\cmake-out\debug\sdl_render_gles.obj
e:\github\qyfc\sdl2-2.0.14\cmake-out\debug\sdl_shaders_gl.obj
e:\github\qyfc\sdl2-2.0.14\cmake-out\debug\sdl_render_gl.obj
e:\github\qyfc\sdl2-2.0.14\cmake-out\debug\sdl_shape.obj
e:\github\qyfc\sdl2-2.0.14\cmake-out\debug\sdl_rect.obj
e:\github\qyfc\sdl2-2.0.14\cmake-out\debug\sdl_pixels.obj
e:\github\qyfc\sdl2-2.0.14\cmake-out\debug\sdl_fillrect.obj
e:\github\qyfc\sdl2-2.0.14\cmake-out\debug\sdl_egl.obj
e:\github\qyfc\sdl2-2.0.14\cmake-out\debug\sdl_clipboard.obj
e:\github\qyfc\sdl2-2.0.14\cmake-out\debug\sdl_bmp.obj
e:\github\qyfc\sdl2-2.0.14\cmake-out\debug\sdl_blit_slow.obj
e:\github\qyfc\sdl2-2.0.14\cmake-out\debug\sdl_blit_copy.obj
e:\github\qyfc\sdl2-2.0.14\cmake-out\debug\sdl_blit_auto.obj
e:\github\qyfc\sdl2-2.0.14\cmake-out\debug\sdl_blit_n.obj
e:\github\qyfc\sdl2-2.0.14\cmake-out\debug\sdl_blit_a.obj
e:\github\qyfc\sdl2-2.0.14\cmake-out\debug\sdl_blit_1.obj
e:\github\qyfc\sdl2-2.0.14\cmake-out\debug\sdl_blit_0.obj
e:\github\qyfc\sdl2-2.0.14\cmake-out\debug\sdl_blit.obj
e:\github\qyfc\sdl2-2.0.14\cmake-out\debug\sdl_rleaccel.obj
e:\github\qyfc\sdl2-2.0.14\cmake-out\debug\sdl_strtokr.obj
e:\github\qyfc\sdl2-2.0.14\cmake-out\debug\sdl_string.obj
e:\github\qyfc\sdl2-2.0.14\cmake-out\debug\sdl_directsound.obj
e:\github\qyfc\sdl2-2.0.14\cmake-out\debug\sdl_winmm.obj
e:\github\qyfc\sdl2-2.0.14\cmake-out\debug\sdl_sysurl.obj
e:\github\qyfc\sdl2-2.0.14\cmake-out\debug\sdl_xinput.obj
e:\github\qyfc\sdl2-2.0.14\cmake-out\debug\sdl_windows.obj
e:\github\qyfc\sdl2-2.0.14\cmake-out\debug\sdl_hid.obj
e:\github\qyfc\sdl2-2.0.14\cmake-out\debug\sdl_nullvideo.obj
e:\github\qyfc\sdl2-2.0.14\cmake-out\debug\sdl_nullframebuffer.obj
e:\github\qyfc\sdl2-2.0.14\cmake-out\debug\sdl_nullevents.obj
e:\github\qyfc\sdl2-2.0.14\cmake-out\debug\sdl_virtualjoystick.obj
e:\github\qyfc\sdl2-2.0.14\cmake-out\debug\sdl_diskaudio.obj
e:\github\qyfc\sdl2-2.0.14\cmake-out\debug\sdl_dummyaudio.obj
e:\github\qyfc\sdl2-2.0.14\cmake-out\debug\sdl_joystick.obj
e:\github\qyfc\sdl2-2.0.14\cmake-out\debug\sdl_gamecontroller.obj
e:\github\qyfc\sdl2-2.0.14\cmake-out\debug\yuv_rgb.obj
e:\github\qyfc\sdl2-2.0.14\cmake-out\debug\sdl_yuv.obj
e:\github\qyfc\sdl2-2.0.14\cmake-out\debug\sdl_vulkan_utils.obj
e:\github\qyfc\sdl2-2.0.14\cmake-out\debug\sdl_video.obj
e:\github\qyfc\sdl2-2.0.14\cmake-out\debug\sdl_surface.obj
e:\github\qyfc\sdl2-2.0.14\cmake-out\debug\sdl_stretch.obj
e:\github\qyfc\sdl2-2.0.14\cmake-out\debug\sdl_windowssensor.obj
e:\github\qyfc\sdl2-2.0.14\cmake-out\debug\sdl_syscond.obj
e:\github\qyfc\sdl2-2.0.14\cmake-out\debug\sdl_syssem.obj
e:\github\qyfc\sdl2-2.0.14\cmake-out\debug\sdl_sysmutex.obj
e:\github\qyfc\sdl2-2.0.14\cmake-out\debug\sdl_windowswindow.obj
e:\github\qyfc\sdl2-2.0.14\cmake-out\debug\sdl_windowsvideo.obj
e:\github\qyfc\sdl2-2.0.14\cmake-out\debug\sdl_windowsshape.obj
e:\github\qyfc\sdl2-2.0.14\cmake-out\debug\sdl_windowsopengles.obj
e:\github\qyfc\sdl2-2.0.14\cmake-out\debug\sdl_windowsopengl.obj
e:\github\qyfc\sdl2-2.0.14\cmake-out\debug\sdl_windowsmouse.obj
e:\github\qyfc\sdl2-2.0.14\cmake-out\debug\sdl_windowsmodes.obj
e:\github\qyfc\sdl2-2.0.14\cmake-out\debug\sdl_windowsmessagebox.obj
e:\github\qyfc\sdl2-2.0.14\cmake-out\debug\sdl_windowskeyboard.obj
e:\github\qyfc\sdl2-2.0.14\cmake-out\debug\sdl_windowsframebuffer.obj
e:\github\qyfc\sdl2-2.0.14\cmake-out\debug\sdl_windowsevents.obj
e:\github\qyfc\sdl2-2.0.14\cmake-out\debug\sdl_windowsclipboard.obj
e:\github\qyfc\sdl2-2.0.14\cmake-out\debug\sdl_wasapi_win32.obj
e:\github\qyfc\sdl2-2.0.14\cmake-out\debug\sdl_wasapi.obj
e:\github\qyfc\sdl2-2.0.14\cmake-out\debug\sdl_windows_gaming_input.obj
e:\github\qyfc\sdl2-2.0.14\cmake-out\debug\sdl_rawinputjoystick.obj
e:\github\qyfc\sdl2-2.0.14\cmake-out\debug\sdl_mmjoystick.obj
e:\github\qyfc\sdl2-2.0.14\cmake-out\debug\sdl_dinputjoystick.obj
e:\github\qyfc\sdl2-2.0.14\cmake-out\debug\hid.obj
e:\github\qyfc\sdl2-2.0.14\cmake-out\debug\sdl_hidapijoystick.obj
e:\github\qyfc\sdl2-2.0.14\cmake-out\debug\sdl_hidapi_xboxone.obj
e:\github\qyfc\sdl2-2.0.14\cmake-out\debug\sdl_hidapi_xbox360w.obj
e:\github\qyfc\sdl2-2.0.14\cmake-out\debug\sdl_hidapi_xbox360.obj
e:\github\qyfc\sdl2-2.0.14\cmake-out\debug\sdl_hidapi_switch.obj
e:\github\qyfc\sdl2-2.0.14\cmake-out\debug\sdl_hidapi_steam.obj
e:\github\qyfc\sdl2-2.0.14\cmake-out\debug\sdl_hidapi_ps5.obj
e:\github\qyfc\sdl2-2.0.14\cmake-out\debug\sdl_hidapi_ps4.obj
e:\github\qyfc\sdl2-2.0.14\cmake-out\debug\sdl_hidapi_gamecube.obj
e:\github\qyfc\sdl2-2.0.14\cmake-out\debug\sdl_sysloadso.obj
e:\github\qyfc\sdl2-2.0.14\cmake-out\debug\sdl_systimer.obj
e:\github\qyfc\sdl2-2.0.14\cmake-out\debug\sdl_sysfilesystem.obj
e:\github\qyfc\sdl2-2.0.14\cmake-out\debug\sdl_syslocale.obj
e:\github\qyfc\sdl2-2.0.14\cmake-out\debug\sdl_syspower.obj
e:\github\qyfc\sdl2-2.0.14\cmake-out\debug\sdl_windowshaptic.obj
e:\github\qyfc\sdl2-2.0.14\cmake-out\debug\sdl_dinputhaptic.obj
e:\github\qyfc\sdl2-2.0.14\cmake-out\debug\sdl_xinputjoystick.obj
e:\github\qyfc\sdl2-2.0.14\cmake-out\debug\sdl2.tlog\cl.command.1.tlog
e:\github\qyfc\sdl2-2.0.14\cmake-out\debug\sdl2.tlog\cl.read.1.tlog
e:\github\qyfc\sdl2-2.0.14\cmake-out\debug\sdl2.tlog\cl.write.1.tlog
