生成启动时间为 2021/1/28 22:50:01。
     1>项目“E:\GitHub\qyfc\SDL2-2.0.14\cmake-out\SDL2.vcxproj”在节点 2 上(Build 个目标)。
     1>ClCompile:
         D:\Program Files (x86)\Microsoft Visual Studio 12.0\VC\bin\x86_amd64\CL.exe /c /I..\src\hidapi\hidapi /I..\include /I..\src\video\khronos /I"d:\Program Files (x86)\Visual Leak Detector\include" /Zi /nologo /W3 /WX- /Od /Ob0 /D WIN32 /D _WINDOWS /D USING_GENERATED_CONFIG_H /D "CMAKE_INTDIR=\"Debug\"" /D DLL_EXPORT /D _WINDLL /D _MBCS /Gm- /MDd /GS- /fp:precise /Zc:wchar_t /Zc:forScope /Fo"Debug\\" /Fd"Debug\vc120.pdb" /Gd /TC /errorReport:prompt ..\src\video\windows\SDL_windowsvulkan.c
         SDL_windowsvulkan.c
       Link:
         D:\Program Files (x86)\Microsoft Visual Studio 12.0\VC\bin\x86_amd64\link.exe /ERRORREPORT:PROMPT /OUT:"E:\GitHub\qyfc\x64\Debug\SDL2.dll" /INCREMENTAL /NOLOGO /LIBPATH:"d:\Program Files (x86)\Visual Leak Detector\lib\Win64" user32.lib gdi32.lib winmm.lib imm32.lib ole32.lib oleaut32.lib version.lib uuid.lib advapi32.lib setupapi.lib shell32.lib dinput8.lib kernel32.lib user32.lib gdi32.lib winspool.lib shell32.lib ole32.lib oleaut32.lib uuid.lib comdlg32.lib advapi32.lib /NODEFAULTLIB /MANIFEST /MANIFESTUAC:"level='asInvoker' uiAccess='false'" /manifest:embed /DEBUG /PDB:"Debug/SDL2d.pdb" /SUBSYSTEM:CONSOLE /TLBID:1 /DYNAMICBASE /NXCOMPAT /IMPLIB:"../../lib/x64/SDL2.lib" /MACHINE:X64  /machine:x64 /DLL Debug\version.res
         Debug\SDL_sysjoystick.obj
         Debug\SDL_dummysensor.obj
         Debug\SDL_windowsvulkan.obj
         Debug\SDL.obj
         Debug\SDL_assert.obj
         Debug\SDL_dataqueue.obj
         Debug\SDL_error.obj
         Debug\SDL_hints.obj
         Debug\SDL_log.obj
         Debug\SDL_atomic.obj
         Debug\SDL_spinlock.obj
         Debug\SDL_audio.obj
         Debug\SDL_audiocvt.obj
         Debug\SDL_audiodev.obj
         Debug\SDL_audiotypecvt.obj
         Debug\SDL_mixer.obj
         Debug\SDL_wave.obj
         Debug\SDL_cpuinfo.obj
         Debug\SDL_dynapi.obj
         Debug\SDL_clipboardevents.obj
         Debug\SDL_displayevents.obj
         Debug\SDL_dropevents.obj
         Debug\SDL_events.obj
         Debug\SDL_gesture.obj
         Debug\SDL_keyboard.obj
         Debug\SDL_mouse.obj
         Debug\SDL_quit.obj
         Debug\SDL_touch.obj
         Debug\SDL_windowevents.obj
         Debug\SDL_rwops.obj
         Debug\SDL_haptic.obj
         Debug\e_atan2.obj
         Debug\e_exp.obj
         Debug\e_fmod.obj
         Debug\e_log.obj
         Debug\e_log10.obj
         Debug\e_pow.obj
         Debug\e_rem_pio2.obj
         Debug\e_sqrt.obj
         Debug\k_cos.obj
         Debug\k_rem_pio2.obj
         Debug\k_sin.obj
         Debug\k_tan.obj
         Debug\s_atan.obj
         Debug\s_copysign.obj
         Debug\s_cos.obj
         Debug\s_fabs.obj
         Debug\s_floor.obj
         Debug\s_scalbn.obj
         Debug\s_sin.obj
         Debug\s_tan.obj
         Debug\SDL_locale.obj
         Debug\SDL_url.obj
         Debug\SDL_power.obj
         Debug\SDL_d3dmath.obj
         Debug\SDL_render.obj
         Debug\SDL_yuv_sw.obj
         Debug\SDL_render_d3d.obj
         Debug\SDL_shaders_d3d.obj
         Debug\SDL_render_d3d11.obj
         Debug\SDL_shaders_d3d11.obj
         Debug\SDL_render_gl.obj
         Debug\SDL_shaders_gl.obj
         Debug\SDL_render_gles.obj
         Debug\SDL_render_gles2.obj
         Debug\SDL_shaders_gles2.obj
         Debug\SDL_render_psp.obj
         Debug\SDL_blendfillrect.obj
         Debug\SDL_blendline.obj
         Debug\SDL_blendpoint.obj
         Debug\SDL_drawline.obj
         Debug\SDL_drawpoint.obj
         Debug\SDL_render_sw.obj
         Debug\SDL_rotate.obj
         Debug\SDL_sensor.obj
         Debug\SDL_crc32.obj
         Debug\SDL_getenv.obj
         Debug\SDL_iconv.obj
         Debug\SDL_malloc.obj
         Debug\SDL_qsort.obj
         Debug\SDL_stdlib.obj
         Debug\SDL_string.obj
         Debug\SDL_strtokr.obj
         Debug\SDL_thread.obj
         Debug\SDL_timer.obj
         Debug\SDL_RLEaccel.obj
         Debug\SDL_blit.obj
         Debug\SDL_blit_0.obj
         Debug\SDL_blit_1.obj
         Debug\SDL_blit_A.obj
         Debug\SDL_blit_N.obj
         Debug\SDL_blit_auto.obj
         Debug\SDL_blit_copy.obj
         Debug\SDL_blit_slow.obj
         Debug\SDL_bmp.obj
         Debug\SDL_clipboard.obj
         Debug\SDL_egl.obj
         Debug\SDL_fillrect.obj
         Debug\SDL_pixels.obj
         Debug\SDL_rect.obj
         Debug\SDL_shape.obj
         Debug\SDL_stretch.obj
         Debug\SDL_surface.obj
         Debug\SDL_video.obj
         Debug\SDL_vulkan_utils.obj
         Debug\SDL_yuv.obj
         Debug\yuv_rgb.obj
         Debug\SDL_gamecontroller.obj
         Debug\SDL_joystick.obj
         Debug\SDL_dummyaudio.obj
         Debug\SDL_diskaudio.obj
         Debug\SDL_virtualjoystick.obj
         Debug\SDL_nullevents.obj
         Debug\SDL_nullframebuffer.obj
         Debug\SDL_nullvideo.obj
         Debug\SDL_hid.obj
         Debug\SDL_windows.obj
         Debug\SDL_xinput.obj
         Debug\SDL_sysurl.obj
         Debug\SDL_winmm.obj
         Debug\SDL_directsound.obj
         Debug\SDL_wasapi.obj
         Debug\SDL_wasapi_win32.obj
         Debug\SDL_windowsclipboard.obj
         Debug\SDL_windowsevents.obj
         Debug\SDL_windowsframebuffer.obj
         Debug\SDL_windowskeyboard.obj
         Debug\SDL_windowsmessagebox.obj
         Debug\SDL_windowsmodes.obj
         Debug\SDL_windowsmouse.obj
         Debug\SDL_windowsopengl.obj
         Debug\SDL_windowsopengles.obj
         Debug\SDL_windowsshape.obj
         Debug\SDL_windowsvideo.obj
         Debug\SDL_windowswindow.obj
         Debug\SDL_sysmutex.obj
         Debug\SDL_syssem.obj
         Debug\SDL_systhread.obj
         Debug\SDL_systls.obj
         Debug\SDL_syscond.obj
         Debug\SDL_windowssensor.obj
         Debug\SDL_syspower.obj
         Debug\SDL_syslocale.obj
         Debug\SDL_sysfilesystem.obj
         Debug\SDL_systimer.obj
         Debug\SDL_sysloadso.obj
         Debug\SDL_hidapi_gamecube.obj
         Debug\SDL_hidapi_ps4.obj
         Debug\SDL_hidapi_ps5.obj
         Debug\SDL_hidapi_rumble.obj
         Debug\SDL_hidapi_steam.obj
         Debug\SDL_hidapi_switch.obj
         Debug\SDL_hidapi_xbox360.obj
         Debug\SDL_hidapi_xbox360w.obj
         Debug\SDL_hidapi_xboxone.obj
         Debug\SDL_hidapijoystick.obj
         Debug\hid.obj
         Debug\SDL_dinputjoystick.obj
         Debug\SDL_mmjoystick.obj
         Debug\SDL_rawinputjoystick.obj
         Debug\SDL_windows_gaming_input.obj
         Debug\SDL_windowsjoystick.obj
         Debug\SDL_xinputjoystick.obj
         Debug\SDL_dinputhaptic.obj
         Debug\SDL_windowshaptic.obj
         Debug\SDL_xinputhaptic.obj
            正在创建库 ../../lib/x64/SDL2.lib 和对象 ../../lib/x64/SDL2.exp
         SDL2.vcxproj -> E:\GitHub\qyfc\x64\Debug\SDL2.dll
     1>已完成生成项目“E:\GitHub\qyfc\SDL2-2.0.14\cmake-out\SDL2.vcxproj”(Build 个目标)的操作。

生成成功。

已用时间 00:00:01.26
